
 Start Logging : 18:21:54 18 September 2021
  :***********Starting Promotion Engine************
-------------------------------

 Start Logging : 18:22:11 18 September 2021
  :***********Starting Promotion Engine************
-------------------------------

 Start Logging : 18:22:30 18 September 2021
  :***********Starting Promotion Engine************
-------------------------------

 Start Logging : 18:23:08 18 September 2021
  :***********Starting Promotion Engine************
-------------------------------

 Start Logging : 18:28:00 18 September 2021
  :***********Starting Promotion Engine************
-------------------------------

 Start Logging : 19:20:18 18 September 2021
  :***********Starting Promotion Engine************
-------------------------------

 Start Logging : 19:21:01 18 September 2021
  :***********Starting Promotion Engine************
-------------------------------

 Start Logging : 19:27:21 18 September 2021
  :***********Starting Promotion Engine************
-------------------------------

 Start Logging : 19:28:44 18 September 2021
  :***********Starting Promotion Engine************
-------------------------------

 Start Logging : 19:35:38 18 September 2021
  :***********Starting Promotion Engine************
-------------------------------

 Start Logging : 19:51:44 18 September 2021
  :***********Starting Promotion Engine************
-------------------------------

 Start Logging : 19:52:36 18 September 2021
  :***********Starting Promotion Engine************
-------------------------------

 Start Logging : 19:52:45 18 September 2021
  :Error while reading user Input in #ReadSKUInput#: Input string was not in a correct format.
-------------------------------

 Start Logging : 19:53:03 18 September 2021
  :***********Starting Promotion Engine************
-------------------------------

 Start Logging : 19:53:24 18 September 2021
  :***********Starting Promotion Engine************
-------------------------------

 Start Logging : 19:55:50 18 September 2021
  :***********Starting Promotion Engine************
-------------------------------

 Start Logging : 19:58:45 18 September 2021
  :***********Starting Promotion Engine************
-------------------------------

 Start Logging : 20:02:07 18 September 2021
  :***********Starting Promotion Engine************
-------------------------------

 Start Logging : 20:07:11 18 September 2021
  :***********Starting Promotion Engine************
-------------------------------

 Start Logging : 20:07:28 18 September 2021
  :Error Applying Promotion in #ApplyPromotionsOnSKUs#:The method or operation is not implemented.
-------------------------------

 Start Logging : 20:07:50 18 September 2021
  :***********Starting Promotion Engine************
-------------------------------

 Start Logging : 20:08:02 18 September 2021
  :Error Applying Promotion in #ApplyPromotionsOnSKUs#:The method or operation is not implemented.
-------------------------------
